{"C:\\curso-tdd-node\\seubarriga\\knexfile.js": {"path":"C:\\curso-tdd-node\\seubarriga\\knexfile.js","statementMap":{"0":{"start":{"line":1,"column":0},"end":{"line":18,"column":2}}},"fnMap":{},"branchMap":{},"s":{"0":7},"f":{},"b":{},"_coverageSchema":"1a1c01bbd47fc00a2c39e90264f33305004495a9","hash":"651f87e51834cea4163a2634c7ab40df939ccc44"}
,"C:\\curso-tdd-node\\seubarriga\\seeds\\01_transfer.js": {"path":"C:\\curso-tdd-node\\seubarriga\\seeds\\01_transfer.js","statementMap":{"0":{"start":{"line":1,"column":0},"end":{"line":43,"column":2}},"1":{"start":{"line":3,"column":2},"end":{"line":42,"column":8}},"2":{"start":{"line":4,"column":16},"end":{"line":4,"column":39}},"3":{"start":{"line":5,"column":16},"end":{"line":5,"column":38}},"4":{"start":{"line":6,"column":16},"end":{"line":6,"column":35}},"5":{"start":{"line":7,"column":16},"end":{"line":14,"column":6}},"6":{"start":{"line":15,"column":16},"end":{"line":20,"column":6}},"7":{"start":{"line":21,"column":16},"end":{"line":28,"column":6}},"8":{"start":{"line":29,"column":16},"end":{"line":42,"column":6}}},"fnMap":{"0":{"name":"(anonymous_0)","decl":{"start":{"line":1,"column":15},"end":{"line":1,"column":16}},"loc":{"start":{"line":1,"column":25},"end":{"line":43,"column":1}},"line":1},"1":{"name":"(anonymous_1)","decl":{"start":{"line":4,"column":10},"end":{"line":4,"column":11}},"loc":{"start":{"line":4,"column":16},"end":{"line":4,"column":39}},"line":4},"2":{"name":"(anonymous_2)","decl":{"start":{"line":5,"column":10},"end":{"line":5,"column":11}},"loc":{"start":{"line":5,"column":16},"end":{"line":5,"column":38}},"line":5},"3":{"name":"(anonymous_3)","decl":{"start":{"line":6,"column":10},"end":{"line":6,"column":11}},"loc":{"start":{"line":6,"column":16},"end":{"line":6,"column":35}},"line":6},"4":{"name":"(anonymous_4)","decl":{"start":{"line":7,"column":10},"end":{"line":7,"column":11}},"loc":{"start":{"line":7,"column":16},"end":{"line":14,"column":6}},"line":7},"5":{"name":"(anonymous_5)","decl":{"start":{"line":15,"column":10},"end":{"line":15,"column":11}},"loc":{"start":{"line":15,"column":16},"end":{"line":20,"column":6}},"line":15},"6":{"name":"(anonymous_6)","decl":{"start":{"line":21,"column":10},"end":{"line":21,"column":11}},"loc":{"start":{"line":21,"column":16},"end":{"line":28,"column":6}},"line":21},"7":{"name":"(anonymous_7)","decl":{"start":{"line":29,"column":10},"end":{"line":29,"column":11}},"loc":{"start":{"line":29,"column":16},"end":{"line":42,"column":6}},"line":29}},"branchMap":{},"s":{"0":2,"1":2,"2":2,"3":2,"4":2,"5":2,"6":2,"7":2,"8":2},"f":{"0":2,"1":2,"2":2,"3":2,"4":2,"5":2,"6":2,"7":2},"b":{},"_coverageSchema":"1a1c01bbd47fc00a2c39e90264f33305004495a9","hash":"01e68e97b9eaf701a50232960a094fd2d6b33a08"}
,"C:\\curso-tdd-node\\seubarriga\\seeds\\02_balance.js": {"path":"C:\\curso-tdd-node\\seubarriga\\seeds\\02_balance.js","statementMap":{"0":{"start":{"line":1,"column":15},"end":{"line":1,"column":32}},"1":{"start":{"line":3,"column":0},"end":{"line":75,"column":2}},"2":{"start":{"line":4,"column":2},"end":{"line":74,"column":8}},"3":{"start":{"line":15,"column":16},"end":{"line":22,"column":6}},"4":{"start":{"line":23,"column":16},"end":{"line":30,"column":6}},"5":{"start":{"line":31,"column":16},"end":{"line":74,"column":6}}},"fnMap":{"0":{"name":"(anonymous_0)","decl":{"start":{"line":3,"column":15},"end":{"line":3,"column":16}},"loc":{"start":{"line":3,"column":25},"end":{"line":75,"column":1}},"line":3},"1":{"name":"(anonymous_1)","decl":{"start":{"line":15,"column":10},"end":{"line":15,"column":11}},"loc":{"start":{"line":15,"column":16},"end":{"line":22,"column":6}},"line":15},"2":{"name":"(anonymous_2)","decl":{"start":{"line":23,"column":10},"end":{"line":23,"column":11}},"loc":{"start":{"line":23,"column":16},"end":{"line":30,"column":6}},"line":23},"3":{"name":"(anonymous_3)","decl":{"start":{"line":31,"column":10},"end":{"line":31,"column":11}},"loc":{"start":{"line":31,"column":16},"end":{"line":74,"column":6}},"line":31}},"branchMap":{},"s":{"0":2,"1":2,"2":2,"3":2,"4":2,"5":2},"f":{"0":2,"1":2,"2":2,"3":2},"b":{},"_coverageSchema":"1a1c01bbd47fc00a2c39e90264f33305004495a9","hash":"d4d8422072395991270e7d0c43305c5188d76d96"}
,"C:\\curso-tdd-node\\seubarriga\\src\\app.js": {"path":"C:\\curso-tdd-node\\seubarriga\\src\\app.js","statementMap":{"0":{"start":{"line":1,"column":12},"end":{"line":1,"column":32}},"1":{"start":{"line":2,"column":16},"end":{"line":2,"column":34}},"2":{"start":{"line":3,"column":13},"end":{"line":3,"column":28}},"3":{"start":{"line":5,"column":17},"end":{"line":5,"column":39}},"4":{"start":{"line":8,"column":0},"end":{"line":8,"column":29}},"5":{"start":{"line":10,"column":0},"end":{"line":16,"column":13}},"6":{"start":{"line":18,"column":0},"end":{"line":20,"column":3}},"7":{"start":{"line":19,"column":2},"end":{"line":19,"column":25}},"8":{"start":{"line":22,"column":0},"end":{"line":31,"column":3}},"9":{"start":{"line":23,"column":35},"end":{"line":23,"column":38}},"10":{"start":{"line":25,"column":2},"end":{"line":25,"column":75}},"11":{"start":{"line":25,"column":34},"end":{"line":25,"column":75}},"12":{"start":{"line":26,"column":2},"end":{"line":29,"column":3}},"13":{"start":{"line":26,"column":39},"end":{"line":26,"column":80}},"14":{"start":{"line":28,"column":4},"end":{"line":28,"column":51}},"15":{"start":{"line":30,"column":2},"end":{"line":30,"column":12}},"16":{"start":{"line":33,"column":0},"end":{"line":33,"column":21}}},"fnMap":{"0":{"name":"(anonymous_0)","decl":{"start":{"line":18,"column":13},"end":{"line":18,"column":14}},"loc":{"start":{"line":18,"column":27},"end":{"line":20,"column":1}},"line":18},"1":{"name":"(anonymous_1)","decl":{"start":{"line":22,"column":8},"end":{"line":22,"column":9}},"loc":{"start":{"line":22,"column":33},"end":{"line":31,"column":1}},"line":22}},"branchMap":{"0":{"loc":{"start":{"line":25,"column":2},"end":{"line":25,"column":75}},"type":"if","locations":[{"start":{"line":25,"column":2},"end":{"line":25,"column":75}},{"start":{},"end":{}}],"line":25},"1":{"loc":{"start":{"line":26,"column":2},"end":{"line":29,"column":3}},"type":"if","locations":[{"start":{"line":26,"column":2},"end":{"line":29,"column":3}},{"start":{"line":27,"column":7},"end":{"line":29,"column":3}}],"line":26}},"s":{"0":7,"1":7,"2":7,"3":7,"4":7,"5":7,"6":7,"7":1,"8":7,"9":34,"10":34,"11":29,"12":34,"13":5,"14":29,"15":5,"16":7},"f":{"0":1,"1":34},"b":{"0":[29,5],"1":[5,29]},"_coverageSchema":"1a1c01bbd47fc00a2c39e90264f33305004495a9","hash":"ff2f2337d248b9f0b1d3da8b0db21af23312121c"}
,"C:\\curso-tdd-node\\seubarriga\\src\\config\\middlewares.js": {"path":"C:\\curso-tdd-node\\seubarriga\\src\\config\\middlewares.js","statementMap":{"0":{"start":{"line":1,"column":19},"end":{"line":1,"column":41}},"1":{"start":{"line":4,"column":0},"end":{"line":7,"column":2}},"2":{"start":{"line":5,"column":2},"end":{"line":5,"column":29}}},"fnMap":{"0":{"name":"(anonymous_0)","decl":{"start":{"line":4,"column":17},"end":{"line":4,"column":18}},"loc":{"start":{"line":4,"column":26},"end":{"line":7,"column":1}},"line":4}},"branchMap":{},"s":{"0":7,"1":7,"2":7},"f":{"0":7},"b":{},"_coverageSchema":"1a1c01bbd47fc00a2c39e90264f33305004495a9","hash":"697b8a22aba381de64713f2c6e7e0213052cbee1"}
,"C:\\curso-tdd-node\\seubarriga\\src\\config\\passport.js": {"path":"C:\\curso-tdd-node\\seubarriga\\src\\config\\passport.js","statementMap":{"0":{"start":{"line":1,"column":17},"end":{"line":1,"column":36}},"1":{"start":{"line":2,"column":20},"end":{"line":2,"column":43}},"2":{"start":{"line":4,"column":15},"end":{"line":4,"column":25}},"3":{"start":{"line":6,"column":33},"end":{"line":6,"column":44}},"4":{"start":{"line":8,"column":0},"end":{"line":27,"column":2}},"5":{"start":{"line":9,"column":17},"end":{"line":12,"column":3}},"6":{"start":{"line":14,"column":19},"end":{"line":20,"column":4}},"7":{"start":{"line":15,"column":4},"end":{"line":19,"column":42}},"8":{"start":{"line":17,"column":8},"end":{"line":18,"column":31}},"9":{"start":{"line":17,"column":18},"end":{"line":17,"column":45}},"10":{"start":{"line":18,"column":13},"end":{"line":18,"column":31}},"11":{"start":{"line":19,"column":24},"end":{"line":19,"column":40}},"12":{"start":{"line":22,"column":2},"end":{"line":22,"column":25}},"13":{"start":{"line":24,"column":2},"end":{"line":26,"column":4}},"14":{"start":{"line":25,"column":24},"end":{"line":25,"column":72}}},"fnMap":{"0":{"name":"(anonymous_0)","decl":{"start":{"line":8,"column":17},"end":{"line":8,"column":18}},"loc":{"start":{"line":8,"column":26},"end":{"line":27,"column":1}},"line":8},"1":{"name":"(anonymous_1)","decl":{"start":{"line":14,"column":40},"end":{"line":14,"column":41}},"loc":{"start":{"line":14,"column":59},"end":{"line":20,"column":3}},"line":14},"2":{"name":"(anonymous_2)","decl":{"start":{"line":16,"column":12},"end":{"line":16,"column":13}},"loc":{"start":{"line":16,"column":22},"end":{"line":19,"column":7}},"line":16},"3":{"name":"(anonymous_3)","decl":{"start":{"line":19,"column":15},"end":{"line":19,"column":16}},"loc":{"start":{"line":19,"column":24},"end":{"line":19,"column":40}},"line":19},"4":{"name":"(anonymous_4)","decl":{"start":{"line":25,"column":18},"end":{"line":25,"column":19}},"loc":{"start":{"line":25,"column":24},"end":{"line":25,"column":72}},"line":25}},"branchMap":{"0":{"loc":{"start":{"line":17,"column":8},"end":{"line":18,"column":31}},"type":"if","locations":[{"start":{"line":17,"column":8},"end":{"line":18,"column":31}},{"start":{"line":18,"column":13},"end":{"line":18,"column":31}}],"line":17}},"s":{"0":7,"1":7,"2":7,"3":7,"4":7,"5":7,"6":7,"7":71,"8":71,"9":71,"10":0,"11":0,"12":7,"13":7,"14":7},"f":{"0":7,"1":71,"2":71,"3":0,"4":7},"b":{"0":[71,0]},"_coverageSchema":"1a1c01bbd47fc00a2c39e90264f33305004495a9","hash":"2557fd75d735dd28b29c61881936e30b436da561"}
,"C:\\curso-tdd-node\\seubarriga\\src\\config\\router.js": {"path":"C:\\curso-tdd-node\\seubarriga\\src\\config\\router.js","statementMap":{"0":{"start":{"line":1,"column":16},"end":{"line":1,"column":34}},"1":{"start":{"line":3,"column":0},"end":{"line":15,"column":2}},"2":{"start":{"line":4,"column":2},"end":{"line":4,"column":36}},"3":{"start":{"line":5,"column":26},"end":{"line":5,"column":42}},"4":{"start":{"line":7,"column":2},"end":{"line":7,"column":50}},"5":{"start":{"line":8,"column":2},"end":{"line":8,"column":56}},"6":{"start":{"line":9,"column":2},"end":{"line":9,"column":64}},"7":{"start":{"line":10,"column":2},"end":{"line":10,"column":58}},"8":{"start":{"line":11,"column":2},"end":{"line":11,"column":54}},"9":{"start":{"line":13,"column":2},"end":{"line":13,"column":72}},"10":{"start":{"line":13,"column":37},"end":{"line":13,"column":70}},"11":{"start":{"line":14,"column":2},"end":{"line":14,"column":70}}},"fnMap":{"0":{"name":"(anonymous_0)","decl":{"start":{"line":3,"column":17},"end":{"line":3,"column":18}},"loc":{"start":{"line":3,"column":26},"end":{"line":15,"column":1}},"line":3},"1":{"name":"(anonymous_1)","decl":{"start":{"line":13,"column":23},"end":{"line":13,"column":24}},"loc":{"start":{"line":13,"column":37},"end":{"line":13,"column":70}},"line":13}},"branchMap":{},"s":{"0":7,"1":7,"2":7,"3":7,"4":7,"5":7,"6":7,"7":7,"8":7,"9":7,"10":0,"11":7},"f":{"0":7,"1":0},"b":{},"_coverageSchema":"1a1c01bbd47fc00a2c39e90264f33305004495a9","hash":"077e8436f51ca45d13004e009e1e5bdabd548a6d"}
,"C:\\curso-tdd-node\\seubarriga\\src\\errors\\RecursoIndevidoError.js": {"path":"C:\\curso-tdd-node\\seubarriga\\src\\errors\\RecursoIndevidoError.js","statementMap":{"0":{"start":{"line":1,"column":0},"end":{"line":4,"column":2}},"1":{"start":{"line":2,"column":2},"end":{"line":2,"column":37}},"2":{"start":{"line":3,"column":2},"end":{"line":3,"column":25}}},"fnMap":{"0":{"name":"RecursoIndevidoError","decl":{"start":{"line":1,"column":26},"end":{"line":1,"column":46}},"loc":{"start":{"line":1,"column":97},"end":{"line":4,"column":1}},"line":1}},"branchMap":{"0":{"loc":{"start":{"line":1,"column":47},"end":{"line":1,"column":95}},"type":"default-arg","locations":[{"start":{"line":1,"column":57},"end":{"line":1,"column":95}}],"line":1}},"s":{"0":7,"1":5,"2":5},"f":{"0":5},"b":{"0":[5]},"_coverageSchema":"1a1c01bbd47fc00a2c39e90264f33305004495a9","hash":"fc49e1d3fb467c41592396b5cfc1e03fdfe0dc84"}
,"C:\\curso-tdd-node\\seubarriga\\src\\errors\\ValidationError.js": {"path":"C:\\curso-tdd-node\\seubarriga\\src\\errors\\ValidationError.js","statementMap":{"0":{"start":{"line":1,"column":0},"end":{"line":4,"column":2}},"1":{"start":{"line":2,"column":2},"end":{"line":2,"column":32}},"2":{"start":{"line":3,"column":2},"end":{"line":3,"column":25}}},"fnMap":{"0":{"name":"ValidationError","decl":{"start":{"line":1,"column":26},"end":{"line":1,"column":41}},"loc":{"start":{"line":1,"column":51},"end":{"line":4,"column":1}},"line":1}},"branchMap":{},"s":{"0":7,"1":29,"2":29},"f":{"0":29},"b":{},"_coverageSchema":"1a1c01bbd47fc00a2c39e90264f33305004495a9","hash":"cc6c372300e669e0275dfece0073a1511326b06e"}
,"C:\\curso-tdd-node\\seubarriga\\src\\routes\\accounts.js": {"path":"C:\\curso-tdd-node\\seubarriga\\src\\routes\\accounts.js","statementMap":{"0":{"start":{"line":1,"column":16},"end":{"line":1,"column":34}},"1":{"start":{"line":3,"column":29},"end":{"line":3,"column":70}},"2":{"start":{"line":5,"column":0},"end":{"line":51,"column":2}},"3":{"start":{"line":6,"column":17},"end":{"line":6,"column":33}},"4":{"start":{"line":8,"column":2},"end":{"line":14,"column":5}},"5":{"start":{"line":9,"column":4},"end":{"line":13,"column":35}},"6":{"start":{"line":11,"column":8},"end":{"line":12,"column":20}},"7":{"start":{"line":11,"column":41},"end":{"line":11,"column":74}},"8":{"start":{"line":12,"column":13},"end":{"line":12,"column":20}},"9":{"start":{"line":13,"column":24},"end":{"line":13,"column":33}},"10":{"start":{"line":16,"column":2},"end":{"line":22,"column":5}},"11":{"start":{"line":18,"column":4},"end":{"line":21,"column":35}},"12":{"start":{"line":20,"column":8},"end":{"line":20,"column":47}},"13":{"start":{"line":21,"column":24},"end":{"line":21,"column":33}},"14":{"start":{"line":24,"column":2},"end":{"line":28,"column":5}},"15":{"start":{"line":25,"column":4},"end":{"line":27,"column":33}},"16":{"start":{"line":26,"column":24},"end":{"line":26,"column":52}},"17":{"start":{"line":27,"column":22},"end":{"line":27,"column":31}},"18":{"start":{"line":30,"column":2},"end":{"line":36,"column":5}},"19":{"start":{"line":31,"column":4},"end":{"line":35,"column":33}},"20":{"start":{"line":33,"column":8},"end":{"line":33,"column":44}},"21":{"start":{"line":35,"column":22},"end":{"line":35,"column":31}},"22":{"start":{"line":38,"column":2},"end":{"line":42,"column":5}},"23":{"start":{"line":39,"column":4},"end":{"line":41,"column":33}},"24":{"start":{"line":40,"column":24},"end":{"line":40,"column":55}},"25":{"start":{"line":41,"column":22},"end":{"line":41,"column":31}},"26":{"start":{"line":44,"column":2},"end":{"line":48,"column":5}},"27":{"start":{"line":45,"column":4},"end":{"line":47,"column":33}},"28":{"start":{"line":46,"column":18},"end":{"line":46,"column":40}},"29":{"start":{"line":47,"column":22},"end":{"line":47,"column":31}},"30":{"start":{"line":50,"column":2},"end":{"line":50,"column":16}}},"fnMap":{"0":{"name":"(anonymous_0)","decl":{"start":{"line":5,"column":17},"end":{"line":5,"column":18}},"loc":{"start":{"line":5,"column":26},"end":{"line":51,"column":1}},"line":5},"1":{"name":"(anonymous_1)","decl":{"start":{"line":8,"column":21},"end":{"line":8,"column":22}},"loc":{"start":{"line":8,"column":41},"end":{"line":14,"column":3}},"line":8},"2":{"name":"(anonymous_2)","decl":{"start":{"line":10,"column":12},"end":{"line":10,"column":13}},"loc":{"start":{"line":10,"column":21},"end":{"line":13,"column":7}},"line":10},"3":{"name":"(anonymous_3)","decl":{"start":{"line":13,"column":15},"end":{"line":13,"column":16}},"loc":{"start":{"line":13,"column":24},"end":{"line":13,"column":33}},"line":13},"4":{"name":"(anonymous_4)","decl":{"start":{"line":16,"column":19},"end":{"line":16,"column":20}},"loc":{"start":{"line":16,"column":39},"end":{"line":22,"column":3}},"line":16},"5":{"name":"(anonymous_5)","decl":{"start":{"line":19,"column":12},"end":{"line":19,"column":13}},"loc":{"start":{"line":19,"column":24},"end":{"line":21,"column":7}},"line":19},"6":{"name":"(anonymous_6)","decl":{"start":{"line":21,"column":15},"end":{"line":21,"column":16}},"loc":{"start":{"line":21,"column":24},"end":{"line":21,"column":33}},"line":21},"7":{"name":"(anonymous_7)","decl":{"start":{"line":24,"column":18},"end":{"line":24,"column":19}},"loc":{"start":{"line":24,"column":38},"end":{"line":28,"column":3}},"line":24},"8":{"name":"(anonymous_8)","decl":{"start":{"line":26,"column":12},"end":{"line":26,"column":13}},"loc":{"start":{"line":26,"column":24},"end":{"line":26,"column":52}},"line":26},"9":{"name":"(anonymous_9)","decl":{"start":{"line":27,"column":13},"end":{"line":27,"column":14}},"loc":{"start":{"line":27,"column":22},"end":{"line":27,"column":31}},"line":27},"10":{"name":"(anonymous_10)","decl":{"start":{"line":30,"column":21},"end":{"line":30,"column":22}},"loc":{"start":{"line":30,"column":41},"end":{"line":36,"column":3}},"line":30},"11":{"name":"(anonymous_11)","decl":{"start":{"line":32,"column":12},"end":{"line":32,"column":13}},"loc":{"start":{"line":32,"column":24},"end":{"line":34,"column":7}},"line":32},"12":{"name":"(anonymous_12)","decl":{"start":{"line":35,"column":13},"end":{"line":35,"column":14}},"loc":{"start":{"line":35,"column":22},"end":{"line":35,"column":31}},"line":35},"13":{"name":"(anonymous_13)","decl":{"start":{"line":38,"column":21},"end":{"line":38,"column":22}},"loc":{"start":{"line":38,"column":41},"end":{"line":42,"column":3}},"line":38},"14":{"name":"(anonymous_14)","decl":{"start":{"line":40,"column":12},"end":{"line":40,"column":13}},"loc":{"start":{"line":40,"column":24},"end":{"line":40,"column":55}},"line":40},"15":{"name":"(anonymous_15)","decl":{"start":{"line":41,"column":13},"end":{"line":41,"column":14}},"loc":{"start":{"line":41,"column":22},"end":{"line":41,"column":31}},"line":41},"16":{"name":"(anonymous_16)","decl":{"start":{"line":44,"column":24},"end":{"line":44,"column":25}},"loc":{"start":{"line":44,"column":44},"end":{"line":48,"column":3}},"line":44},"17":{"name":"(anonymous_17)","decl":{"start":{"line":46,"column":12},"end":{"line":46,"column":13}},"loc":{"start":{"line":46,"column":18},"end":{"line":46,"column":40}},"line":46},"18":{"name":"(anonymous_18)","decl":{"start":{"line":47,"column":13},"end":{"line":47,"column":14}},"loc":{"start":{"line":47,"column":22},"end":{"line":47,"column":31}},"line":47}},"branchMap":{"0":{"loc":{"start":{"line":11,"column":8},"end":{"line":12,"column":20}},"type":"if","locations":[{"start":{"line":11,"column":8},"end":{"line":12,"column":20}},{"start":{"line":12,"column":13},"end":{"line":12,"column":20}}],"line":11}},"s":{"0":7,"1":7,"2":7,"3":7,"4":7,"5":7,"6":7,"7":3,"8":4,"9":3,"10":7,"11":3,"12":1,"13":2,"14":7,"15":1,"16":1,"17":0,"18":7,"19":1,"20":1,"21":0,"22":7,"23":1,"24":1,"25":0,"26":7,"27":2,"28":1,"29":1,"30":7},"f":{"0":7,"1":7,"2":7,"3":3,"4":3,"5":1,"6":2,"7":1,"8":1,"9":0,"10":1,"11":1,"12":0,"13":1,"14":1,"15":0,"16":2,"17":1,"18":1},"b":{"0":[3,4]},"_coverageSchema":"1a1c01bbd47fc00a2c39e90264f33305004495a9","hash":"66ebc67f0963f48230b267827ffd95274b7b1af6"}
,"C:\\curso-tdd-node\\seubarriga\\src\\routes\\auth.js": {"path":"C:\\curso-tdd-node\\seubarriga\\src\\routes\\auth.js","statementMap":{"0":{"start":{"line":1,"column":16},"end":{"line":1,"column":34}},"1":{"start":{"line":2,"column":12},"end":{"line":2,"column":33}},"2":{"start":{"line":3,"column":15},"end":{"line":3,"column":32}},"3":{"start":{"line":4,"column":24},"end":{"line":4,"column":60}},"4":{"start":{"line":6,"column":15},"end":{"line":6,"column":25}},"5":{"start":{"line":8,"column":0},"end":{"line":36,"column":2}},"6":{"start":{"line":9,"column":17},"end":{"line":9,"column":33}},"7":{"start":{"line":10,"column":2},"end":{"line":24,"column":5}},"8":{"start":{"line":11,"column":4},"end":{"line":23,"column":35}},"9":{"start":{"line":13,"column":8},"end":{"line":13,"column":76}},"10":{"start":{"line":13,"column":19},"end":{"line":13,"column":76}},"11":{"start":{"line":14,"column":8},"end":{"line":22,"column":72}},"12":{"start":{"line":15,"column":26},"end":{"line":19,"column":11}},"13":{"start":{"line":20,"column":24},"end":{"line":20,"column":51}},"14":{"start":{"line":21,"column":10},"end":{"line":21,"column":42}},"15":{"start":{"line":22,"column":15},"end":{"line":22,"column":72}},"16":{"start":{"line":23,"column":24},"end":{"line":23,"column":33}},"17":{"start":{"line":26,"column":2},"end":{"line":33,"column":5}},"18":{"start":{"line":27,"column":4},"end":{"line":32,"column":5}},"19":{"start":{"line":28,"column":21},"end":{"line":28,"column":59}},"20":{"start":{"line":29,"column":6},"end":{"line":29,"column":45}},"21":{"start":{"line":31,"column":6},"end":{"line":31,"column":23}},"22":{"start":{"line":35,"column":2},"end":{"line":35,"column":16}}},"fnMap":{"0":{"name":"(anonymous_0)","decl":{"start":{"line":8,"column":17},"end":{"line":8,"column":18}},"loc":{"start":{"line":8,"column":26},"end":{"line":36,"column":1}},"line":8},"1":{"name":"(anonymous_1)","decl":{"start":{"line":10,"column":25},"end":{"line":10,"column":26}},"loc":{"start":{"line":10,"column":45},"end":{"line":24,"column":3}},"line":10},"2":{"name":"(anonymous_2)","decl":{"start":{"line":12,"column":12},"end":{"line":12,"column":13}},"loc":{"start":{"line":12,"column":22},"end":{"line":23,"column":7}},"line":12},"3":{"name":"(anonymous_3)","decl":{"start":{"line":23,"column":15},"end":{"line":23,"column":16}},"loc":{"start":{"line":23,"column":24},"end":{"line":23,"column":33}},"line":23},"4":{"name":"(anonymous_4)","decl":{"start":{"line":26,"column":25},"end":{"line":26,"column":26}},"loc":{"start":{"line":26,"column":51},"end":{"line":33,"column":3}},"line":26}},"branchMap":{"0":{"loc":{"start":{"line":13,"column":8},"end":{"line":13,"column":76}},"type":"if","locations":[{"start":{"line":13,"column":8},"end":{"line":13,"column":76}},{"start":{},"end":{}}],"line":13},"1":{"loc":{"start":{"line":14,"column":8},"end":{"line":22,"column":72}},"type":"if","locations":[{"start":{"line":14,"column":8},"end":{"line":22,"column":72}},{"start":{"line":22,"column":15},"end":{"line":22,"column":72}}],"line":14}},"s":{"0":7,"1":7,"2":7,"3":7,"4":7,"5":7,"6":7,"7":7,"8":3,"9":3,"10":1,"11":2,"12":1,"13":1,"14":1,"15":1,"16":2,"17":7,"18":1,"19":1,"20":1,"21":0,"22":7},"f":{"0":7,"1":3,"2":3,"3":2,"4":1},"b":{"0":[1,2],"1":[1,1]},"_coverageSchema":"1a1c01bbd47fc00a2c39e90264f33305004495a9","hash":"1d07561c2b1e7f1c4d10a664fd698706afa30dbf"}
,"C:\\curso-tdd-node\\seubarriga\\src\\routes\\balance.js": {"path":"C:\\curso-tdd-node\\seubarriga\\src\\routes\\balance.js","statementMap":{"0":{"start":{"line":1,"column":16},"end":{"line":1,"column":34}},"1":{"start":{"line":3,"column":0},"end":{"line":13,"column":2}},"2":{"start":{"line":4,"column":17},"end":{"line":4,"column":33}},"3":{"start":{"line":6,"column":2},"end":{"line":10,"column":5}},"4":{"start":{"line":7,"column":4},"end":{"line":9,"column":33}},"5":{"start":{"line":8,"column":24},"end":{"line":8,"column":52}},"6":{"start":{"line":9,"column":22},"end":{"line":9,"column":31}},"7":{"start":{"line":12,"column":2},"end":{"line":12,"column":16}}},"fnMap":{"0":{"name":"(anonymous_0)","decl":{"start":{"line":3,"column":17},"end":{"line":3,"column":18}},"loc":{"start":{"line":3,"column":26},"end":{"line":13,"column":1}},"line":3},"1":{"name":"(anonymous_1)","decl":{"start":{"line":6,"column":18},"end":{"line":6,"column":19}},"loc":{"start":{"line":6,"column":38},"end":{"line":10,"column":3}},"line":6},"2":{"name":"(anonymous_2)","decl":{"start":{"line":8,"column":12},"end":{"line":8,"column":13}},"loc":{"start":{"line":8,"column":24},"end":{"line":8,"column":52}},"line":8},"3":{"name":"(anonymous_3)","decl":{"start":{"line":9,"column":13},"end":{"line":9,"column":14}},"loc":{"start":{"line":9,"column":22},"end":{"line":9,"column":31}},"line":9}},"branchMap":{},"s":{"0":7,"1":7,"2":7,"3":7,"4":10,"5":10,"6":0,"7":7},"f":{"0":7,"1":10,"2":10,"3":0},"b":{},"_coverageSchema":"1a1c01bbd47fc00a2c39e90264f33305004495a9","hash":"f914ce214e8f0a398b5533a85f16bdae3e4d8e20"}
,"C:\\curso-tdd-node\\seubarriga\\src\\routes\\transactions.js": {"path":"C:\\curso-tdd-node\\seubarriga\\src\\routes\\transactions.js","statementMap":{"0":{"start":{"line":1,"column":16},"end":{"line":1,"column":34}},"1":{"start":{"line":2,"column":29},"end":{"line":2,"column":70}},"2":{"start":{"line":4,"column":0},"end":{"line":46,"column":2}},"3":{"start":{"line":5,"column":17},"end":{"line":5,"column":33}},"4":{"start":{"line":7,"column":2},"end":{"line":13,"column":5}},"5":{"start":{"line":8,"column":4},"end":{"line":12,"column":35}},"6":{"start":{"line":10,"column":8},"end":{"line":11,"column":46}},"7":{"start":{"line":10,"column":31},"end":{"line":10,"column":38}},"8":{"start":{"line":11,"column":13},"end":{"line":11,"column":46}},"9":{"start":{"line":12,"column":24},"end":{"line":12,"column":33}},"10":{"start":{"line":15,"column":2},"end":{"line":19,"column":5}},"11":{"start":{"line":16,"column":4},"end":{"line":18,"column":33}},"12":{"start":{"line":17,"column":24},"end":{"line":17,"column":52}},"13":{"start":{"line":18,"column":22},"end":{"line":18,"column":31}},"14":{"start":{"line":21,"column":2},"end":{"line":25,"column":5}},"15":{"start":{"line":22,"column":4},"end":{"line":24,"column":33}},"16":{"start":{"line":23,"column":24},"end":{"line":23,"column":55}},"17":{"start":{"line":24,"column":22},"end":{"line":24,"column":31}},"18":{"start":{"line":27,"column":2},"end":{"line":31,"column":5}},"19":{"start":{"line":28,"column":4},"end":{"line":30,"column":33}},"20":{"start":{"line":29,"column":24},"end":{"line":29,"column":52}},"21":{"start":{"line":30,"column":22},"end":{"line":30,"column":31}},"22":{"start":{"line":33,"column":2},"end":{"line":37,"column":5}},"23":{"start":{"line":34,"column":4},"end":{"line":36,"column":33}},"24":{"start":{"line":35,"column":24},"end":{"line":35,"column":55}},"25":{"start":{"line":36,"column":22},"end":{"line":36,"column":31}},"26":{"start":{"line":39,"column":2},"end":{"line":43,"column":5}},"27":{"start":{"line":40,"column":4},"end":{"line":42,"column":33}},"28":{"start":{"line":41,"column":18},"end":{"line":41,"column":40}},"29":{"start":{"line":42,"column":22},"end":{"line":42,"column":31}},"30":{"start":{"line":45,"column":2},"end":{"line":45,"column":16}}},"fnMap":{"0":{"name":"(anonymous_0)","decl":{"start":{"line":4,"column":17},"end":{"line":4,"column":18}},"loc":{"start":{"line":4,"column":26},"end":{"line":46,"column":1}},"line":4},"1":{"name":"(anonymous_1)","decl":{"start":{"line":7,"column":21},"end":{"line":7,"column":22}},"loc":{"start":{"line":7,"column":41},"end":{"line":13,"column":3}},"line":7},"2":{"name":"(anonymous_2)","decl":{"start":{"line":9,"column":12},"end":{"line":9,"column":13}},"loc":{"start":{"line":9,"column":24},"end":{"line":12,"column":7}},"line":9},"3":{"name":"(anonymous_3)","decl":{"start":{"line":12,"column":15},"end":{"line":12,"column":16}},"loc":{"start":{"line":12,"column":24},"end":{"line":12,"column":33}},"line":12},"4":{"name":"(anonymous_4)","decl":{"start":{"line":15,"column":18},"end":{"line":15,"column":19}},"loc":{"start":{"line":15,"column":38},"end":{"line":19,"column":3}},"line":15},"5":{"name":"(anonymous_5)","decl":{"start":{"line":17,"column":12},"end":{"line":17,"column":13}},"loc":{"start":{"line":17,"column":24},"end":{"line":17,"column":52}},"line":17},"6":{"name":"(anonymous_6)","decl":{"start":{"line":18,"column":13},"end":{"line":18,"column":14}},"loc":{"start":{"line":18,"column":22},"end":{"line":18,"column":31}},"line":18},"7":{"name":"(anonymous_7)","decl":{"start":{"line":21,"column":19},"end":{"line":21,"column":20}},"loc":{"start":{"line":21,"column":39},"end":{"line":25,"column":3}},"line":21},"8":{"name":"(anonymous_8)","decl":{"start":{"line":23,"column":12},"end":{"line":23,"column":13}},"loc":{"start":{"line":23,"column":24},"end":{"line":23,"column":55}},"line":23},"9":{"name":"(anonymous_9)","decl":{"start":{"line":24,"column":13},"end":{"line":24,"column":14}},"loc":{"start":{"line":24,"column":22},"end":{"line":24,"column":31}},"line":24},"10":{"name":"(anonymous_10)","decl":{"start":{"line":27,"column":21},"end":{"line":27,"column":22}},"loc":{"start":{"line":27,"column":41},"end":{"line":31,"column":3}},"line":27},"11":{"name":"(anonymous_11)","decl":{"start":{"line":29,"column":12},"end":{"line":29,"column":13}},"loc":{"start":{"line":29,"column":24},"end":{"line":29,"column":52}},"line":29},"12":{"name":"(anonymous_12)","decl":{"start":{"line":30,"column":13},"end":{"line":30,"column":14}},"loc":{"start":{"line":30,"column":22},"end":{"line":30,"column":31}},"line":30},"13":{"name":"(anonymous_13)","decl":{"start":{"line":33,"column":21},"end":{"line":33,"column":22}},"loc":{"start":{"line":33,"column":41},"end":{"line":37,"column":3}},"line":33},"14":{"name":"(anonymous_14)","decl":{"start":{"line":35,"column":12},"end":{"line":35,"column":13}},"loc":{"start":{"line":35,"column":24},"end":{"line":35,"column":55}},"line":35},"15":{"name":"(anonymous_15)","decl":{"start":{"line":36,"column":13},"end":{"line":36,"column":14}},"loc":{"start":{"line":36,"column":22},"end":{"line":36,"column":31}},"line":36},"16":{"name":"(anonymous_16)","decl":{"start":{"line":39,"column":24},"end":{"line":39,"column":25}},"loc":{"start":{"line":39,"column":44},"end":{"line":43,"column":3}},"line":39},"17":{"name":"(anonymous_17)","decl":{"start":{"line":41,"column":12},"end":{"line":41,"column":13}},"loc":{"start":{"line":41,"column":18},"end":{"line":41,"column":40}},"line":41},"18":{"name":"(anonymous_18)","decl":{"start":{"line":42,"column":13},"end":{"line":42,"column":14}},"loc":{"start":{"line":42,"column":22},"end":{"line":42,"column":31}},"line":42}},"branchMap":{"0":{"loc":{"start":{"line":10,"column":8},"end":{"line":11,"column":46}},"type":"if","locations":[{"start":{"line":10,"column":8},"end":{"line":11,"column":46}},{"start":{"line":11,"column":13},"end":{"line":11,"column":46}}],"line":10}},"s":{"0":7,"1":7,"2":7,"3":7,"4":7,"5":4,"6":4,"7":3,"8":1,"9":1,"10":7,"11":1,"12":1,"13":0,"14":7,"15":16,"16":10,"17":0,"18":7,"19":1,"20":1,"21":0,"22":7,"23":1,"24":1,"25":0,"26":7,"27":1,"28":1,"29":0,"30":7},"f":{"0":7,"1":4,"2":4,"3":1,"4":1,"5":1,"6":0,"7":16,"8":10,"9":0,"10":1,"11":1,"12":0,"13":1,"14":1,"15":0,"16":1,"17":1,"18":0},"b":{"0":[3,1]},"_coverageSchema":"1a1c01bbd47fc00a2c39e90264f33305004495a9","hash":"7aeb6a4897a07a5cfa2f005fbafa8dfb828e09e1"}
,"C:\\curso-tdd-node\\seubarriga\\src\\routes\\transfers.js": {"path":"C:\\curso-tdd-node\\seubarriga\\src\\routes\\transfers.js","statementMap":{"0":{"start":{"line":1,"column":16},"end":{"line":1,"column":34}},"1":{"start":{"line":2,"column":29},"end":{"line":2,"column":70}},"2":{"start":{"line":4,"column":0},"end":{"line":55,"column":2}},"3":{"start":{"line":5,"column":17},"end":{"line":5,"column":33}},"4":{"start":{"line":7,"column":2},"end":{"line":13,"column":5}},"5":{"start":{"line":8,"column":4},"end":{"line":12,"column":35}},"6":{"start":{"line":10,"column":8},"end":{"line":10,"column":77}},"7":{"start":{"line":10,"column":44},"end":{"line":10,"column":77}},"8":{"start":{"line":11,"column":8},"end":{"line":11,"column":15}},"9":{"start":{"line":12,"column":24},"end":{"line":12,"column":33}},"10":{"start":{"line":15,"column":19},"end":{"line":19,"column":3}},"11":{"start":{"line":16,"column":4},"end":{"line":18,"column":33}},"12":{"start":{"line":17,"column":18},"end":{"line":17,"column":24}},"13":{"start":{"line":18,"column":22},"end":{"line":18,"column":31}},"14":{"start":{"line":21,"column":2},"end":{"line":25,"column":5}},"15":{"start":{"line":22,"column":4},"end":{"line":24,"column":33}},"16":{"start":{"line":23,"column":24},"end":{"line":23,"column":52}},"17":{"start":{"line":24,"column":22},"end":{"line":24,"column":31}},"18":{"start":{"line":27,"column":2},"end":{"line":34,"column":5}},"19":{"start":{"line":28,"column":21},"end":{"line":28,"column":58}},"20":{"start":{"line":29,"column":4},"end":{"line":33,"column":33}},"21":{"start":{"line":31,"column":8},"end":{"line":31,"column":40}},"22":{"start":{"line":33,"column":22},"end":{"line":33,"column":31}},"23":{"start":{"line":36,"column":2},"end":{"line":40,"column":5}},"24":{"start":{"line":37,"column":4},"end":{"line":39,"column":33}},"25":{"start":{"line":38,"column":24},"end":{"line":38,"column":52}},"26":{"start":{"line":39,"column":22},"end":{"line":39,"column":31}},"27":{"start":{"line":42,"column":2},"end":{"line":46,"column":5}},"28":{"start":{"line":43,"column":4},"end":{"line":45,"column":33}},"29":{"start":{"line":44,"column":24},"end":{"line":44,"column":55}},"30":{"start":{"line":45,"column":22},"end":{"line":45,"column":31}},"31":{"start":{"line":48,"column":2},"end":{"line":52,"column":5}},"32":{"start":{"line":49,"column":4},"end":{"line":51,"column":33}},"33":{"start":{"line":50,"column":18},"end":{"line":50,"column":40}},"34":{"start":{"line":51,"column":22},"end":{"line":51,"column":31}},"35":{"start":{"line":54,"column":2},"end":{"line":54,"column":16}}},"fnMap":{"0":{"name":"(anonymous_0)","decl":{"start":{"line":4,"column":17},"end":{"line":4,"column":18}},"loc":{"start":{"line":4,"column":26},"end":{"line":55,"column":1}},"line":4},"1":{"name":"(anonymous_1)","decl":{"start":{"line":7,"column":21},"end":{"line":7,"column":22}},"loc":{"start":{"line":7,"column":41},"end":{"line":13,"column":3}},"line":7},"2":{"name":"(anonymous_2)","decl":{"start":{"line":9,"column":12},"end":{"line":9,"column":13}},"loc":{"start":{"line":9,"column":24},"end":{"line":12,"column":7}},"line":9},"3":{"name":"(anonymous_3)","decl":{"start":{"line":12,"column":15},"end":{"line":12,"column":16}},"loc":{"start":{"line":12,"column":24},"end":{"line":12,"column":33}},"line":12},"4":{"name":"(anonymous_4)","decl":{"start":{"line":15,"column":19},"end":{"line":15,"column":20}},"loc":{"start":{"line":15,"column":39},"end":{"line":19,"column":3}},"line":15},"5":{"name":"(anonymous_5)","decl":{"start":{"line":17,"column":12},"end":{"line":17,"column":13}},"loc":{"start":{"line":17,"column":18},"end":{"line":17,"column":24}},"line":17},"6":{"name":"(anonymous_6)","decl":{"start":{"line":18,"column":13},"end":{"line":18,"column":14}},"loc":{"start":{"line":18,"column":22},"end":{"line":18,"column":31}},"line":18},"7":{"name":"(anonymous_7)","decl":{"start":{"line":21,"column":18},"end":{"line":21,"column":19}},"loc":{"start":{"line":21,"column":38},"end":{"line":25,"column":3}},"line":21},"8":{"name":"(anonymous_8)","decl":{"start":{"line":23,"column":12},"end":{"line":23,"column":13}},"loc":{"start":{"line":23,"column":24},"end":{"line":23,"column":52}},"line":23},"9":{"name":"(anonymous_9)","decl":{"start":{"line":24,"column":13},"end":{"line":24,"column":14}},"loc":{"start":{"line":24,"column":22},"end":{"line":24,"column":31}},"line":24},"10":{"name":"(anonymous_10)","decl":{"start":{"line":27,"column":29},"end":{"line":27,"column":30}},"loc":{"start":{"line":27,"column":49},"end":{"line":34,"column":3}},"line":27},"11":{"name":"(anonymous_11)","decl":{"start":{"line":30,"column":12},"end":{"line":30,"column":13}},"loc":{"start":{"line":30,"column":24},"end":{"line":32,"column":7}},"line":30},"12":{"name":"(anonymous_12)","decl":{"start":{"line":33,"column":13},"end":{"line":33,"column":14}},"loc":{"start":{"line":33,"column":22},"end":{"line":33,"column":31}},"line":33},"13":{"name":"(anonymous_13)","decl":{"start":{"line":36,"column":21},"end":{"line":36,"column":22}},"loc":{"start":{"line":36,"column":41},"end":{"line":40,"column":3}},"line":36},"14":{"name":"(anonymous_14)","decl":{"start":{"line":38,"column":12},"end":{"line":38,"column":13}},"loc":{"start":{"line":38,"column":24},"end":{"line":38,"column":52}},"line":38},"15":{"name":"(anonymous_15)","decl":{"start":{"line":39,"column":13},"end":{"line":39,"column":14}},"loc":{"start":{"line":39,"column":22},"end":{"line":39,"column":31}},"line":39},"16":{"name":"(anonymous_16)","decl":{"start":{"line":42,"column":31},"end":{"line":42,"column":32}},"loc":{"start":{"line":42,"column":51},"end":{"line":46,"column":3}},"line":42},"17":{"name":"(anonymous_17)","decl":{"start":{"line":44,"column":12},"end":{"line":44,"column":13}},"loc":{"start":{"line":44,"column":24},"end":{"line":44,"column":55}},"line":44},"18":{"name":"(anonymous_18)","decl":{"start":{"line":45,"column":13},"end":{"line":45,"column":14}},"loc":{"start":{"line":45,"column":22},"end":{"line":45,"column":31}},"line":45},"19":{"name":"(anonymous_19)","decl":{"start":{"line":48,"column":24},"end":{"line":48,"column":25}},"loc":{"start":{"line":48,"column":44},"end":{"line":52,"column":3}},"line":48},"20":{"name":"(anonymous_20)","decl":{"start":{"line":50,"column":12},"end":{"line":50,"column":13}},"loc":{"start":{"line":50,"column":18},"end":{"line":50,"column":40}},"line":50},"21":{"name":"(anonymous_21)","decl":{"start":{"line":51,"column":13},"end":{"line":51,"column":14}},"loc":{"start":{"line":51,"column":22},"end":{"line":51,"column":31}},"line":51}},"branchMap":{"0":{"loc":{"start":{"line":10,"column":8},"end":{"line":10,"column":77}},"type":"if","locations":[{"start":{"line":10,"column":8},"end":{"line":10,"column":77}},{"start":{},"end":{}}],"line":10}},"s":{"0":7,"1":7,"2":7,"3":7,"4":7,"5":11,"6":11,"7":1,"8":10,"9":1,"10":7,"11":18,"12":4,"13":14,"14":7,"15":1,"16":1,"17":0,"18":7,"19":3,"20":3,"21":3,"22":0,"23":7,"24":1,"25":1,"26":0,"27":7,"28":1,"29":1,"30":0,"31":7,"32":1,"33":1,"34":0,"35":7},"f":{"0":7,"1":11,"2":11,"3":1,"4":18,"5":4,"6":14,"7":1,"8":1,"9":0,"10":3,"11":3,"12":0,"13":1,"14":1,"15":0,"16":1,"17":1,"18":0,"19":1,"20":1,"21":0},"b":{"0":[1,10]},"_coverageSchema":"1a1c01bbd47fc00a2c39e90264f33305004495a9","hash":"8e59c3f4d282aadaf5da9570966001c68455afeb"}
,"C:\\curso-tdd-node\\seubarriga\\src\\routes\\users.js": {"path":"C:\\curso-tdd-node\\seubarriga\\src\\routes\\users.js","statementMap":{"0":{"start":{"line":1,"column":16},"end":{"line":1,"column":34}},"1":{"start":{"line":3,"column":0},"end":{"line":21,"column":2}},"2":{"start":{"line":4,"column":17},"end":{"line":4,"column":33}},"3":{"start":{"line":5,"column":2},"end":{"line":9,"column":5}},"4":{"start":{"line":6,"column":4},"end":{"line":8,"column":33}},"5":{"start":{"line":7,"column":24},"end":{"line":7,"column":52}},"6":{"start":{"line":8,"column":22},"end":{"line":8,"column":31}},"7":{"start":{"line":11,"column":2},"end":{"line":18,"column":5}},"8":{"start":{"line":12,"column":4},"end":{"line":17,"column":5}},"9":{"start":{"line":13,"column":21},"end":{"line":13,"column":59}},"10":{"start":{"line":14,"column":6},"end":{"line":14,"column":45}},"11":{"start":{"line":16,"column":6},"end":{"line":16,"column":23}},"12":{"start":{"line":20,"column":2},"end":{"line":20,"column":16}}},"fnMap":{"0":{"name":"(anonymous_0)","decl":{"start":{"line":3,"column":17},"end":{"line":3,"column":18}},"loc":{"start":{"line":3,"column":26},"end":{"line":21,"column":1}},"line":3},"1":{"name":"(anonymous_1)","decl":{"start":{"line":5,"column":18},"end":{"line":5,"column":19}},"loc":{"start":{"line":5,"column":38},"end":{"line":9,"column":3}},"line":5},"2":{"name":"(anonymous_2)","decl":{"start":{"line":7,"column":12},"end":{"line":7,"column":13}},"loc":{"start":{"line":7,"column":24},"end":{"line":7,"column":52}},"line":7},"3":{"name":"(anonymous_3)","decl":{"start":{"line":8,"column":13},"end":{"line":8,"column":14}},"loc":{"start":{"line":8,"column":22},"end":{"line":8,"column":31}},"line":8},"4":{"name":"(anonymous_4)","decl":{"start":{"line":11,"column":19},"end":{"line":11,"column":20}},"loc":{"start":{"line":11,"column":45},"end":{"line":18,"column":3}},"line":11}},"branchMap":{},"s":{"0":7,"1":7,"2":7,"3":7,"4":1,"5":1,"6":0,"7":7,"8":6,"9":6,"10":2,"11":4,"12":7},"f":{"0":7,"1":1,"2":1,"3":0,"4":6},"b":{},"_coverageSchema":"1a1c01bbd47fc00a2c39e90264f33305004495a9","hash":"7c783f6f6e3892264a4fe905c0c834b3255dbb2b"}
,"C:\\curso-tdd-node\\seubarriga\\src\\services\\account.js": {"path":"C:\\curso-tdd-node\\seubarriga\\src\\services\\account.js","statementMap":{"0":{"start":{"line":1,"column":24},"end":{"line":1,"column":60}},"1":{"start":{"line":3,"column":0},"end":{"line":38,"column":2}},"2":{"start":{"line":4,"column":18},"end":{"line":6,"column":3}},"3":{"start":{"line":5,"column":4},"end":{"line":5,"column":57}},"4":{"start":{"line":8,"column":15},"end":{"line":10,"column":3}},"5":{"start":{"line":9,"column":4},"end":{"line":9,"column":52}},"6":{"start":{"line":12,"column":15},"end":{"line":19,"column":3}},"7":{"start":{"line":13,"column":4},"end":{"line":13,"column":83}},"8":{"start":{"line":13,"column":23},"end":{"line":13,"column":83}},"9":{"start":{"line":15,"column":18},"end":{"line":15,"column":78}},"10":{"start":{"line":16,"column":4},"end":{"line":16,"column":78}},"11":{"start":{"line":16,"column":15},"end":{"line":16,"column":78}},"12":{"start":{"line":18,"column":4},"end":{"line":18,"column":51}},"13":{"start":{"line":21,"column":17},"end":{"line":25,"column":3}},"14":{"start":{"line":22,"column":4},"end":{"line":24,"column":28}},"15":{"start":{"line":27,"column":17},"end":{"line":33,"column":3}},"16":{"start":{"line":28,"column":24},"end":{"line":28,"column":78}},"17":{"start":{"line":29,"column":4},"end":{"line":29,"column":90}},"18":{"start":{"line":29,"column":21},"end":{"line":29,"column":90}},"19":{"start":{"line":30,"column":4},"end":{"line":32,"column":13}},"20":{"start":{"line":35,"column":2},"end":{"line":37,"column":4}}},"fnMap":{"0":{"name":"(anonymous_0)","decl":{"start":{"line":3,"column":17},"end":{"line":3,"column":18}},"loc":{"start":{"line":3,"column":26},"end":{"line":38,"column":1}},"line":3},"1":{"name":"(anonymous_1)","decl":{"start":{"line":4,"column":18},"end":{"line":4,"column":19}},"loc":{"start":{"line":4,"column":30},"end":{"line":6,"column":3}},"line":4},"2":{"name":"(anonymous_2)","decl":{"start":{"line":8,"column":15},"end":{"line":8,"column":16}},"loc":{"start":{"line":8,"column":32},"end":{"line":10,"column":3}},"line":8},"3":{"name":"(anonymous_3)","decl":{"start":{"line":12,"column":15},"end":{"line":12,"column":16}},"loc":{"start":{"line":12,"column":34},"end":{"line":19,"column":3}},"line":12},"4":{"name":"(anonymous_4)","decl":{"start":{"line":21,"column":17},"end":{"line":21,"column":18}},"loc":{"start":{"line":21,"column":34},"end":{"line":25,"column":3}},"line":21},"5":{"name":"(anonymous_5)","decl":{"start":{"line":27,"column":17},"end":{"line":27,"column":18}},"loc":{"start":{"line":27,"column":31},"end":{"line":33,"column":3}},"line":27}},"branchMap":{"0":{"loc":{"start":{"line":8,"column":16},"end":{"line":8,"column":27}},"type":"default-arg","locations":[{"start":{"line":8,"column":25},"end":{"line":8,"column":27}}],"line":8},"1":{"loc":{"start":{"line":13,"column":4},"end":{"line":13,"column":83}},"type":"if","locations":[{"start":{"line":13,"column":4},"end":{"line":13,"column":83}},{"start":{},"end":{}}],"line":13},"2":{"loc":{"start":{"line":16,"column":4},"end":{"line":16,"column":78}},"type":"if","locations":[{"start":{"line":16,"column":4},"end":{"line":16,"column":78}},{"start":{},"end":{}}],"line":16},"3":{"loc":{"start":{"line":29,"column":4},"end":{"line":29,"column":90}},"type":"if","locations":[{"start":{"line":29,"column":4},"end":{"line":29,"column":90}},{"start":{},"end":{}}],"line":29}},"s":{"0":7,"1":7,"2":7,"3":1,"4":7,"5":10,"6":7,"7":3,"8":1,"9":2,"10":2,"11":1,"12":1,"13":7,"14":1,"15":7,"16":2,"17":2,"18":1,"19":1,"20":7},"f":{"0":7,"1":1,"2":10,"3":3,"4":1,"5":2},"b":{"0":[0],"1":[1,2],"2":[1,1],"3":[1,1]},"_coverageSchema":"1a1c01bbd47fc00a2c39e90264f33305004495a9","hash":"42a832a209743fe27114f1f18492321da895c750"}
,"C:\\curso-tdd-node\\seubarriga\\src\\services\\balance.js": {"path":"C:\\curso-tdd-node\\seubarriga\\src\\services\\balance.js","statementMap":{"0":{"start":{"line":1,"column":0},"end":{"line":13,"column":2}},"1":{"start":{"line":2,"column":19},"end":{"line":10,"column":3}},"2":{"start":{"line":3,"column":4},"end":{"line":9,"column":25}},"3":{"start":{"line":12,"column":2},"end":{"line":12,"column":22}}},"fnMap":{"0":{"name":"(anonymous_0)","decl":{"start":{"line":1,"column":17},"end":{"line":1,"column":18}},"loc":{"start":{"line":1,"column":26},"end":{"line":13,"column":1}},"line":1},"1":{"name":"(anonymous_1)","decl":{"start":{"line":2,"column":19},"end":{"line":2,"column":20}},"loc":{"start":{"line":2,"column":31},"end":{"line":10,"column":3}},"line":2}},"branchMap":{},"s":{"0":7,"1":7,"2":10,"3":7},"f":{"0":7,"1":10},"b":{},"_coverageSchema":"1a1c01bbd47fc00a2c39e90264f33305004495a9","hash":"a3d4f52d0f051bd05c0a2b8a045f50303d24d1b7"}
,"C:\\curso-tdd-node\\seubarriga\\src\\services\\transaction.js": {"path":"C:\\curso-tdd-node\\seubarriga\\src\\services\\transaction.js","statementMap":{"0":{"start":{"line":1,"column":24},"end":{"line":1,"column":60}},"1":{"start":{"line":3,"column":0},"end":{"line":50,"column":2}},"2":{"start":{"line":4,"column":15},"end":{"line":10,"column":3}},"3":{"start":{"line":5,"column":4},"end":{"line":9,"column":16}},"4":{"start":{"line":12,"column":18},"end":{"line":16,"column":3}},"5":{"start":{"line":13,"column":4},"end":{"line":15,"column":15}},"6":{"start":{"line":18,"column":15},"end":{"line":33,"column":3}},"7":{"start":{"line":19,"column":4},"end":{"line":19,"column":99}},"8":{"start":{"line":19,"column":34},"end":{"line":19,"column":99}},"9":{"start":{"line":20,"column":4},"end":{"line":20,"column":91}},"10":{"start":{"line":20,"column":30},"end":{"line":20,"column":91}},"11":{"start":{"line":21,"column":4},"end":{"line":21,"column":87}},"12":{"start":{"line":21,"column":27},"end":{"line":21,"column":87}},"13":{"start":{"line":22,"column":4},"end":{"line":22,"column":90}},"14":{"start":{"line":22,"column":29},"end":{"line":22,"column":90}},"15":{"start":{"line":23,"column":4},"end":{"line":23,"column":87}},"16":{"start":{"line":23,"column":27},"end":{"line":23,"column":87}},"17":{"start":{"line":24,"column":4},"end":{"line":24,"column":108}},"18":{"start":{"line":24,"column":65},"end":{"line":24,"column":108}},"19":{"start":{"line":26,"column":27},"end":{"line":26,"column":45}},"20":{"start":{"line":27,"column":4},"end":{"line":29,"column":5}},"21":{"start":{"line":28,"column":6},"end":{"line":28,"column":35}},"22":{"start":{"line":31,"column":4},"end":{"line":32,"column":35}},"23":{"start":{"line":35,"column":17},"end":{"line":39,"column":3}},"24":{"start":{"line":36,"column":4},"end":{"line":38,"column":32}},"25":{"start":{"line":41,"column":17},"end":{"line":45,"column":3}},"26":{"start":{"line":42,"column":4},"end":{"line":44,"column":13}},"27":{"start":{"line":47,"column":2},"end":{"line":49,"column":4}}},"fnMap":{"0":{"name":"(anonymous_0)","decl":{"start":{"line":3,"column":17},"end":{"line":3,"column":18}},"loc":{"start":{"line":3,"column":26},"end":{"line":50,"column":1}},"line":3},"1":{"name":"(anonymous_1)","decl":{"start":{"line":4,"column":15},"end":{"line":4,"column":16}},"loc":{"start":{"line":4,"column":40},"end":{"line":10,"column":3}},"line":4},"2":{"name":"(anonymous_2)","decl":{"start":{"line":12,"column":18},"end":{"line":12,"column":19}},"loc":{"start":{"line":12,"column":30},"end":{"line":16,"column":3}},"line":12},"3":{"name":"(anonymous_3)","decl":{"start":{"line":18,"column":15},"end":{"line":18,"column":16}},"loc":{"start":{"line":18,"column":32},"end":{"line":33,"column":3}},"line":18},"4":{"name":"(anonymous_4)","decl":{"start":{"line":35,"column":17},"end":{"line":35,"column":18}},"loc":{"start":{"line":35,"column":38},"end":{"line":39,"column":3}},"line":35},"5":{"name":"(anonymous_5)","decl":{"start":{"line":41,"column":17},"end":{"line":41,"column":18}},"loc":{"start":{"line":41,"column":25},"end":{"line":45,"column":3}},"line":41}},"branchMap":{"0":{"loc":{"start":{"line":4,"column":24},"end":{"line":4,"column":35}},"type":"default-arg","locations":[{"start":{"line":4,"column":33},"end":{"line":4,"column":35}}],"line":4},"1":{"loc":{"start":{"line":19,"column":4},"end":{"line":19,"column":99}},"type":"if","locations":[{"start":{"line":19,"column":4},"end":{"line":19,"column":99}},{"start":{},"end":{}}],"line":19},"2":{"loc":{"start":{"line":20,"column":4},"end":{"line":20,"column":91}},"type":"if","locations":[{"start":{"line":20,"column":4},"end":{"line":20,"column":91}},{"start":{},"end":{}}],"line":20},"3":{"loc":{"start":{"line":21,"column":4},"end":{"line":21,"column":87}},"type":"if","locations":[{"start":{"line":21,"column":4},"end":{"line":21,"column":87}},{"start":{},"end":{}}],"line":21},"4":{"loc":{"start":{"line":22,"column":4},"end":{"line":22,"column":90}},"type":"if","locations":[{"start":{"line":22,"column":4},"end":{"line":22,"column":90}},{"start":{},"end":{}}],"line":22},"5":{"loc":{"start":{"line":23,"column":4},"end":{"line":23,"column":87}},"type":"if","locations":[{"start":{"line":23,"column":4},"end":{"line":23,"column":87}},{"start":{},"end":{}}],"line":23},"6":{"loc":{"start":{"line":24,"column":4},"end":{"line":24,"column":108}},"type":"if","locations":[{"start":{"line":24,"column":4},"end":{"line":24,"column":108}},{"start":{},"end":{}}],"line":24},"7":{"loc":{"start":{"line":24,"column":10},"end":{"line":24,"column":62}},"type":"binary-expr","locations":[{"start":{"line":24,"column":10},"end":{"line":24,"column":34}},{"start":{"line":24,"column":38},"end":{"line":24,"column":62}}],"line":24},"8":{"loc":{"start":{"line":27,"column":4},"end":{"line":29,"column":5}},"type":"if","locations":[{"start":{"line":27,"column":4},"end":{"line":29,"column":5}},{"start":{},"end":{}}],"line":27},"9":{"loc":{"start":{"line":27,"column":8},"end":{"line":27,"column":118}},"type":"binary-expr","locations":[{"start":{"line":27,"column":9},"end":{"line":27,"column":33}},{"start":{"line":27,"column":37},"end":{"line":27,"column":60}},{"start":{"line":27,"column":66},"end":{"line":27,"column":90}},{"start":{"line":27,"column":94},"end":{"line":27,"column":117}}],"line":27}},"s":{"0":7,"1":7,"2":7,"3":5,"4":7,"5":3,"6":7,"7":16,"8":1,"9":15,"10":1,"11":14,"12":1,"13":13,"14":1,"15":12,"16":1,"17":11,"18":1,"19":10,"20":10,"21":5,"22":10,"23":7,"24":1,"25":7,"26":1,"27":7},"f":{"0":7,"1":5,"2":3,"3":16,"4":1,"5":1},"b":{"0":[1],"1":[1,15],"2":[1,14],"3":[1,13],"4":[1,12],"5":[1,11],"6":[1,10],"7":[11,5],"8":[5,5],"9":[10,6,9,4]},"_coverageSchema":"1a1c01bbd47fc00a2c39e90264f33305004495a9","hash":"bfea36d5abf64999180ff53b67fcfdf37cddb630"}
,"C:\\curso-tdd-node\\seubarriga\\src\\services\\transfer.js": {"path":"C:\\curso-tdd-node\\seubarriga\\src\\services\\transfer.js","statementMap":{"0":{"start":{"line":1,"column":24},"end":{"line":1,"column":60}},"1":{"start":{"line":3,"column":0},"end":{"line":76,"column":2}},"2":{"start":{"line":4,"column":15},"end":{"line":8,"column":3}},"3":{"start":{"line":5,"column":4},"end":{"line":7,"column":16}},"4":{"start":{"line":10,"column":18},"end":{"line":14,"column":3}},"5":{"start":{"line":11,"column":4},"end":{"line":13,"column":15}},"6":{"start":{"line":16,"column":19},"end":{"line":28,"column":3}},"7":{"start":{"line":17,"column":4},"end":{"line":17,"column":96}},"8":{"start":{"line":17,"column":31},"end":{"line":17,"column":96}},"9":{"start":{"line":18,"column":4},"end":{"line":18,"column":88}},"10":{"start":{"line":18,"column":27},"end":{"line":18,"column":88}},"11":{"start":{"line":19,"column":4},"end":{"line":19,"column":84}},"12":{"start":{"line":19,"column":24},"end":{"line":19,"column":84}},"13":{"start":{"line":20,"column":4},"end":{"line":20,"column":101}},"14":{"start":{"line":20,"column":30},"end":{"line":20,"column":101}},"15":{"start":{"line":21,"column":4},"end":{"line":21,"column":103}},"16":{"start":{"line":21,"column":31},"end":{"line":21,"column":103}},"17":{"start":{"line":22,"column":4},"end":{"line":22,"column":137}},"18":{"start":{"line":22,"column":54},"end":{"line":22,"column":137}},"19":{"start":{"line":24,"column":21},"end":{"line":24,"column":104}},"20":{"start":{"line":25,"column":4},"end":{"line":27,"column":7}},"21":{"start":{"line":26,"column":6},"end":{"line":26,"column":128}},"22":{"start":{"line":26,"column":58},"end":{"line":26,"column":128}},"23":{"start":{"line":30,"column":15},"end":{"line":46,"column":3}},"24":{"start":{"line":31,"column":19},"end":{"line":31,"column":66}},"25":{"start":{"line":32,"column":23},"end":{"line":32,"column":35}},"26":{"start":{"line":34,"column":25},"end":{"line":42,"column":5}},"27":{"start":{"line":44,"column":4},"end":{"line":44,"column":54}},"28":{"start":{"line":45,"column":4},"end":{"line":45,"column":18}},"29":{"start":{"line":48,"column":17},"end":{"line":66,"column":3}},"30":{"start":{"line":49,"column":19},"end":{"line":51,"column":28}},"31":{"start":{"line":53,"column":25},"end":{"line":61,"column":5}},"32":{"start":{"line":63,"column":4},"end":{"line":63,"column":66}},"33":{"start":{"line":64,"column":4},"end":{"line":64,"column":54}},"34":{"start":{"line":65,"column":4},"end":{"line":65,"column":18}},"35":{"start":{"line":68,"column":17},"end":{"line":71,"column":3}},"36":{"start":{"line":69,"column":4},"end":{"line":69,"column":66}},"37":{"start":{"line":70,"column":4},"end":{"line":70,"column":51}},"38":{"start":{"line":73,"column":2},"end":{"line":75,"column":4}}},"fnMap":{"0":{"name":"(anonymous_0)","decl":{"start":{"line":3,"column":17},"end":{"line":3,"column":18}},"loc":{"start":{"line":3,"column":26},"end":{"line":76,"column":1}},"line":3},"1":{"name":"(anonymous_1)","decl":{"start":{"line":4,"column":15},"end":{"line":4,"column":16}},"loc":{"start":{"line":4,"column":32},"end":{"line":8,"column":3}},"line":4},"2":{"name":"(anonymous_2)","decl":{"start":{"line":10,"column":18},"end":{"line":10,"column":19}},"loc":{"start":{"line":10,"column":35},"end":{"line":14,"column":3}},"line":10},"3":{"name":"(anonymous_3)","decl":{"start":{"line":16,"column":19},"end":{"line":16,"column":20}},"loc":{"start":{"line":16,"column":39},"end":{"line":28,"column":3}},"line":16},"4":{"name":"(anonymous_4)","decl":{"start":{"line":25,"column":21},"end":{"line":25,"column":22}},"loc":{"start":{"line":25,"column":30},"end":{"line":27,"column":5}},"line":25},"5":{"name":"(anonymous_5)","decl":{"start":{"line":30,"column":15},"end":{"line":30,"column":16}},"loc":{"start":{"line":30,"column":35},"end":{"line":46,"column":3}},"line":30},"6":{"name":"(anonymous_6)","decl":{"start":{"line":48,"column":17},"end":{"line":48,"column":18}},"loc":{"start":{"line":48,"column":41},"end":{"line":66,"column":3}},"line":48},"7":{"name":"(anonymous_7)","decl":{"start":{"line":68,"column":17},"end":{"line":68,"column":18}},"loc":{"start":{"line":68,"column":31},"end":{"line":71,"column":3}},"line":68}},"branchMap":{"0":{"loc":{"start":{"line":4,"column":16},"end":{"line":4,"column":27}},"type":"default-arg","locations":[{"start":{"line":4,"column":25},"end":{"line":4,"column":27}}],"line":4},"1":{"loc":{"start":{"line":10,"column":19},"end":{"line":10,"column":30}},"type":"default-arg","locations":[{"start":{"line":10,"column":28},"end":{"line":10,"column":30}}],"line":10},"2":{"loc":{"start":{"line":17,"column":4},"end":{"line":17,"column":96}},"type":"if","locations":[{"start":{"line":17,"column":4},"end":{"line":17,"column":96}},{"start":{},"end":{}}],"line":17},"3":{"loc":{"start":{"line":18,"column":4},"end":{"line":18,"column":88}},"type":"if","locations":[{"start":{"line":18,"column":4},"end":{"line":18,"column":88}},{"start":{},"end":{}}],"line":18},"4":{"loc":{"start":{"line":19,"column":4},"end":{"line":19,"column":84}},"type":"if","locations":[{"start":{"line":19,"column":4},"end":{"line":19,"column":84}},{"start":{},"end":{}}],"line":19},"5":{"loc":{"start":{"line":20,"column":4},"end":{"line":20,"column":101}},"type":"if","locations":[{"start":{"line":20,"column":4},"end":{"line":20,"column":101}},{"start":{},"end":{}}],"line":20},"6":{"loc":{"start":{"line":21,"column":4},"end":{"line":21,"column":103}},"type":"if","locations":[{"start":{"line":21,"column":4},"end":{"line":21,"column":103}},{"start":{},"end":{}}],"line":21},"7":{"loc":{"start":{"line":22,"column":4},"end":{"line":22,"column":137}},"type":"if","locations":[{"start":{"line":22,"column":4},"end":{"line":22,"column":137}},{"start":{},"end":{}}],"line":22},"8":{"loc":{"start":{"line":26,"column":6},"end":{"line":26,"column":128}},"type":"if","locations":[{"start":{"line":26,"column":6},"end":{"line":26,"column":128}},{"start":{},"end":{}}],"line":26}},"s":{"0":7,"1":7,"2":7,"3":1,"4":7,"5":12,"6":7,"7":18,"8":2,"9":16,"10":2,"11":14,"12":2,"13":12,"14":2,"15":10,"16":2,"17":8,"18":2,"19":6,"20":6,"21":12,"22":2,"23":7,"24":3,"25":3,"26":3,"27":3,"28":3,"29":7,"30":1,"31":1,"32":1,"33":1,"34":1,"35":7,"36":1,"37":1,"38":7},"f":{"0":7,"1":1,"2":12,"3":18,"4":12,"5":3,"6":1,"7":1},"b":{"0":[0],"1":[0],"2":[2,16],"3":[2,14],"4":[2,12],"5":[2,10],"6":[2,8],"7":[2,6],"8":[2,10]},"_coverageSchema":"1a1c01bbd47fc00a2c39e90264f33305004495a9","hash":"885d3362dc90d79a2fc940808a4e2475b64f4f6c"}
,"C:\\curso-tdd-node\\seubarriga\\src\\services\\user.js": {"path":"C:\\curso-tdd-node\\seubarriga\\src\\services\\user.js","statementMap":{"0":{"start":{"line":1,"column":15},"end":{"line":1,"column":32}},"1":{"start":{"line":2,"column":24},"end":{"line":2,"column":60}},"2":{"start":{"line":4,"column":0},"end":{"line":33,"column":2}},"3":{"start":{"line":5,"column":18},"end":{"line":7,"column":3}},"4":{"start":{"line":6,"column":4},"end":{"line":6,"column":58}},"5":{"start":{"line":9,"column":18},"end":{"line":11,"column":3}},"6":{"start":{"line":10,"column":4},"end":{"line":10,"column":49}},"7":{"start":{"line":13,"column":24},"end":{"line":16,"column":3}},"8":{"start":{"line":14,"column":17},"end":{"line":14,"column":39}},"9":{"start":{"line":15,"column":4},"end":{"line":15,"column":41}},"10":{"start":{"line":18,"column":15},"end":{"line":30,"column":3}},"11":{"start":{"line":19,"column":4},"end":{"line":19,"column":80}},"12":{"start":{"line":19,"column":20},"end":{"line":19,"column":80}},"13":{"start":{"line":20,"column":4},"end":{"line":20,"column":82}},"14":{"start":{"line":20,"column":20},"end":{"line":20,"column":82}},"15":{"start":{"line":21,"column":4},"end":{"line":21,"column":83}},"16":{"start":{"line":21,"column":22},"end":{"line":21,"column":83}},"17":{"start":{"line":23,"column":19},"end":{"line":23,"column":53}},"18":{"start":{"line":25,"column":4},"end":{"line":25,"column":82}},"19":{"start":{"line":25,"column":16},"end":{"line":25,"column":82}},"20":{"start":{"line":27,"column":20},"end":{"line":27,"column":31}},"21":{"start":{"line":28,"column":4},"end":{"line":28,"column":48}},"22":{"start":{"line":29,"column":4},"end":{"line":29,"column":67}},"23":{"start":{"line":32,"column":2},"end":{"line":32,"column":36}}},"fnMap":{"0":{"name":"(anonymous_0)","decl":{"start":{"line":4,"column":17},"end":{"line":4,"column":18}},"loc":{"start":{"line":4,"column":26},"end":{"line":33,"column":1}},"line":4},"1":{"name":"(anonymous_1)","decl":{"start":{"line":5,"column":18},"end":{"line":5,"column":19}},"loc":{"start":{"line":5,"column":24},"end":{"line":7,"column":3}},"line":5},"2":{"name":"(anonymous_2)","decl":{"start":{"line":9,"column":18},"end":{"line":9,"column":19}},"loc":{"start":{"line":9,"column":35},"end":{"line":11,"column":3}},"line":9},"3":{"name":"(anonymous_3)","decl":{"start":{"line":13,"column":24},"end":{"line":13,"column":25}},"loc":{"start":{"line":13,"column":36},"end":{"line":16,"column":3}},"line":13},"4":{"name":"(anonymous_4)","decl":{"start":{"line":18,"column":15},"end":{"line":18,"column":16}},"loc":{"start":{"line":18,"column":31},"end":{"line":30,"column":3}},"line":18}},"branchMap":{"0":{"loc":{"start":{"line":9,"column":19},"end":{"line":9,"column":30}},"type":"default-arg","locations":[{"start":{"line":9,"column":28},"end":{"line":9,"column":30}}],"line":9},"1":{"loc":{"start":{"line":19,"column":4},"end":{"line":19,"column":80}},"type":"if","locations":[{"start":{"line":19,"column":4},"end":{"line":19,"column":80}},{"start":{},"end":{}}],"line":19},"2":{"loc":{"start":{"line":20,"column":4},"end":{"line":20,"column":82}},"type":"if","locations":[{"start":{"line":20,"column":4},"end":{"line":20,"column":82}},{"start":{},"end":{}}],"line":20},"3":{"loc":{"start":{"line":21,"column":4},"end":{"line":21,"column":83}},"type":"if","locations":[{"start":{"line":21,"column":4},"end":{"line":21,"column":83}},{"start":{},"end":{}}],"line":21},"4":{"loc":{"start":{"line":25,"column":4},"end":{"line":25,"column":82}},"type":"if","locations":[{"start":{"line":25,"column":4},"end":{"line":25,"column":82}},{"start":{},"end":{}}],"line":25}},"s":{"0":7,"1":7,"2":7,"3":7,"4":1,"5":7,"6":84,"7":7,"8":8,"9":8,"10":7,"11":12,"12":1,"13":11,"14":1,"15":10,"16":1,"17":9,"18":9,"19":1,"20":8,"21":8,"22":8,"23":7},"f":{"0":7,"1":1,"2":84,"3":8,"4":12},"b":{"0":[0],"1":[1,11],"2":[1,10],"3":[1,9],"4":[1,8]},"_coverageSchema":"1a1c01bbd47fc00a2c39e90264f33305004495a9","hash":"1f6c561cb4d2da73fa6ceb83b2c779face6f642c"}
}
